[debug] [2026-03-07T23:49:47.666Z] ----------------------------------------------------------------------
[debug] [2026-03-07T23:49:47.667Z] Command:       /opt/homebrew/Cellar/node@20/20.19.6/bin/node /opt/homebrew/bin/firebase deploy --only hosting:admin
[debug] [2026-03-07T23:49:47.667Z] CLI Version:   15.5.1
[debug] [2026-03-07T23:49:47.667Z] Platform:      darwin
[debug] [2026-03-07T23:49:47.667Z] Node Version:  v20.19.6
[debug] [2026-03-07T23:49:47.667Z] Time:          Sun Mar 08 2026 05:19:47 GMT+0530 (India Standard Time)
[debug] [2026-03-07T23:49:47.667Z] ----------------------------------------------------------------------
[debug] 
[debug] [2026-03-07T23:49:48.303Z] > command requires scopes: ["email","openid","https://www.googleapis.com/auth/cloudplatformprojects.readonly","https://www.googleapis.com/auth/firebase","https://www.googleapis.com/auth/cloud-platform"]
[debug] [2026-03-07T23:49:48.303Z] > authorizing via signed-in user (adarshpandey19102@gmail.com)
[debug] [2026-03-07T23:49:48.303Z] [iam] checking project rurboo-prod for permissions ["firebase.projects.get","firebasehosting.sites.update"]
[debug] [2026-03-07T23:49:48.304Z] Checked if tokens are valid: true, expires at: 1772930155067
[debug] [2026-03-07T23:49:48.304Z] Checked if tokens are valid: true, expires at: 1772930155067
[debug] [2026-03-07T23:49:48.304Z] >>> [apiv2][query] POST https://cloudresourcemanager.googleapis.com/v1/projects/rurboo-prod:testIamPermissions [none]
[debug] [2026-03-07T23:49:48.304Z] >>> [apiv2][(partial)header] POST https://cloudresourcemanager.googleapis.com/v1/projects/rurboo-prod:testIamPermissions  x-goog-user-project=rurboo-prod
[debug] [2026-03-07T23:49:48.304Z] >>> [apiv2][body] POST https://cloudresourcemanager.googleapis.com/v1/projects/rurboo-prod:testIamPermissions {"permissions":["firebase.projects.get","firebasehosting.sites.update"]}
[debug] [2026-03-07T23:49:49.941Z] <<< [apiv2][status] POST https://cloudresourcemanager.googleapis.com/v1/projects/rurboo-prod:testIamPermissions 200
[debug] [2026-03-07T23:49:49.941Z] <<< [apiv2][body] POST https://cloudresourcemanager.googleapis.com/v1/projects/rurboo-prod:testIamPermissions {"permissions":["firebase.projects.get","firebasehosting.sites.update"]}
[debug] [2026-03-07T23:49:49.942Z] Checked if tokens are valid: true, expires at: 1772930155067
[debug] [2026-03-07T23:49:49.942Z] Checked if tokens are valid: true, expires at: 1772930155067
[debug] [2026-03-07T23:49:49.942Z] >>> [apiv2][query] GET https://firebase.googleapis.com/v1beta1/projects/rurboo-prod [none]
[debug] [2026-03-07T23:49:50.586Z] <<< [apiv2][status] GET https://firebase.googleapis.com/v1beta1/projects/rurboo-prod 200
[debug] [2026-03-07T23:49:50.586Z] <<< [apiv2][body] GET https://firebase.googleapis.com/v1beta1/projects/rurboo-prod {"projectId":"rurboo-prod","projectNumber":"417302943554","displayName":"rurboo-prod","name":"projects/rurboo-prod","resources":{"hostingSite":"rurboo-prod"},"state":"ACTIVE","etag":"1_f562e07b-a1f5-4097-9185-53e5eb9db5bb"}
[debug] [2026-03-07T23:49:51.213Z] defaultcredentials: writing to file /Users/adarshkumarpandey21/.config/firebase/adarshpandey19102_gmail_com_application_default_credentials.json
[debug] [2026-03-07T23:49:51.214Z] Checked if tokens are valid: true, expires at: 1772930155067
[debug] [2026-03-07T23:49:51.214Z] Checked if tokens are valid: true, expires at: 1772930155067
[debug] [2026-03-07T23:49:51.214Z] >>> [apiv2][query] GET https://firebasehosting.googleapis.com/v1beta1/projects/rurboo-prod/sites pageToken=&pageSize=10
[debug] [2026-03-07T23:49:52.598Z] <<< [apiv2][status] GET https://firebasehosting.googleapis.com/v1beta1/projects/rurboo-prod/sites 200
[debug] [2026-03-07T23:49:52.599Z] <<< [apiv2][body] GET https://firebasehosting.googleapis.com/v1beta1/projects/rurboo-prod/sites {"sites":[{"name":"projects/rurboo-prod/sites/rurboo-admin","defaultUrl":"https://rurboo-admin.web.app","type":"USER_SITE"},{"name":"projects/rurboo-prod/sites/rurboo-prod","defaultUrl":"https://rurboo-prod.web.app","type":"DEFAULT_SITE"}]}
[debug] [2026-03-07T23:49:52.599Z] Checked if tokens are valid: true, expires at: 1772930155067
[debug] [2026-03-07T23:49:52.599Z] Checked if tokens are valid: true, expires at: 1772930155067
[debug] [2026-03-07T23:49:52.599Z] >>> [apiv2][query] GET https://firebasehosting.googleapis.com/v1beta1/projects/rurboo-prod/sites 
[debug] [2026-03-07T23:49:53.293Z] <<< [apiv2][status] GET https://firebasehosting.googleapis.com/v1beta1/projects/rurboo-prod/sites 200
[debug] [2026-03-07T23:49:53.293Z] <<< [apiv2][body] GET https://firebasehosting.googleapis.com/v1beta1/projects/rurboo-prod/sites {"sites":[{"name":"projects/rurboo-prod/sites/rurboo-admin","defaultUrl":"https://rurboo-admin.web.app","type":"USER_SITE"},{"name":"projects/rurboo-prod/sites/rurboo-prod","defaultUrl":"https://rurboo-prod.web.app","type":"DEFAULT_SITE"}]}
[debug] [2026-03-07T23:49:53.293Z] Checked if tokens are valid: true, expires at: 1772930155067
[debug] [2026-03-07T23:49:53.293Z] Checked if tokens are valid: true, expires at: 1772930155067
[debug] [2026-03-07T23:49:53.293Z] >>> [apiv2][query] GET https://firebase.googleapis.com/v1beta1/projects/rurboo-prod/webApps/-/config [none]
[debug] [2026-03-07T23:49:53.927Z] <<< [apiv2][status] GET https://firebase.googleapis.com/v1beta1/projects/rurboo-prod/webApps/-/config 200
[debug] [2026-03-07T23:49:53.928Z] <<< [apiv2][body] GET https://firebase.googleapis.com/v1beta1/projects/rurboo-prod/webApps/-/config {"projectId":"rurboo-prod","storageBucket":"rurboo-prod.firebasestorage.app","apiKey":"AIzaSyBKvi0qTHxxNYu7IoROu7phg_7QLK_ZMlA","authDomain":"rurboo-prod.firebaseapp.com","messagingSenderId":"417302943554","projectNumber":"417302943554","version":"2"}
[info] 
   Thank you for trying our early preview of Next.js support on Firebase Hosting.
   During the preview, support is best-effort and breaking changes can be expected. Proceed with caution.
   The integration is known to work with Next.js version 12 - 15.0. You may encounter errors.

   Documentation: https://firebase.google.com/docs/hosting/frameworks/nextjs
   File a bug: https://github.com/firebase/firebase-tools/issues/new?template=bug_report.md
   Submit a feature request: https://github.com/firebase/firebase-tools/issues/new?template=feature_request.md

   We'd love to learn from you. Express your interest in helping us shape the future of Firebase Hosting: https://goo.gle/41enW5X

[debug] [2026-03-07T23:49:55.355Z] Checked if tokens are valid: true, expires at: 1772930155067
[debug] [2026-03-07T23:49:55.356Z] Checked if tokens are valid: true, expires at: 1772930155067
[debug] [2026-03-07T23:49:55.356Z] >>> [apiv2][query] GET https://firebasehosting.googleapis.com/v1beta1/projects/rurboo-prod/sites/rurboo-prod [none]
[debug] [2026-03-07T23:49:55.976Z] <<< [apiv2][status] GET https://firebasehosting.googleapis.com/v1beta1/projects/rurboo-prod/sites/rurboo-prod 200
[debug] [2026-03-07T23:49:55.976Z] <<< [apiv2][body] GET https://firebasehosting.googleapis.com/v1beta1/projects/rurboo-prod/sites/rurboo-prod {"name":"projects/rurboo-prod/sites/rurboo-prod","defaultUrl":"https://rurboo-prod.web.app","type":"DEFAULT_SITE"}
[info] ▲ Next.js 16.1.6 (Turbopack)

[info] - Environments: .env.local


[info]   Creating an optimized production build ...

[info] ✓ Compiled successfully in 2.6s

[info]   Skipping validation of types

[info]   Collecting page data using 9 workers ...

[info]   Generating static pages using 9 workers (0/19) ...

[info]   Generating static pages using 9 workers (4/19) 

[info]   Generating static pages using 9 workers (9/19) 

[info]   Generating static pages using 9 workers (14/19) 

[info] ✓ Generating static pages using 9 workers (19/19) in 331.4ms

[info]   Finalizing page optimization ...

[info] 

[info] Route (app)
┌ ○ /
├ ○ /_not-found
├ ƒ /api/operators/create
├ ƒ /api/operators/delete
├ ○ /dashboard
├ ○ /dashboard/drivers
├ ƒ /dashboard/drivers/[id]
├ ○ /dashboard/feedback
├ ○ /dashboard/finance
├ ○ /dashboard/map
├ ○ /dashboard/notifications
├ ○ /dashboard/pricing
├ ○ /dashboard/rides
├ ○ /dashboard/risk
├ ○ /dashboard/settings
├ ○ /dashboard/support
├ ○ /dashboard/users
├ ƒ /dashboard/users/[id]
└ ○ /login


[info] 
○  (Static)   prerendered as static content
ƒ  (Dynamic)  server-rendered on demand


[info] Building a Cloud Function to run this application. This is needed due to:
[info]  • non-static component /api/operators/create/route
[info]  • non-static component /api/operators/delete/route
[info]  • non-static component /dashboard/drivers/[id]/page
[info]  • non-static component /dashboard/users/[id]/page
[info] 
[debug] [2026-03-07T23:50:01.003Z] Checked if tokens are valid: true, expires at: 1772930155067
[debug] [2026-03-07T23:50:01.003Z] Checked if tokens are valid: true, expires at: 1772930155067
[debug] [2026-03-07T23:50:01.003Z] >>> [apiv2][query] GET https://firebasehosting.googleapis.com/v1beta1/projects/rurboo-prod/sites/rurboo-prod [none]
[debug] [2026-03-07T23:50:02.122Z] <<< [apiv2][status] GET https://firebasehosting.googleapis.com/v1beta1/projects/rurboo-prod/sites/rurboo-prod 200
[debug] [2026-03-07T23:50:02.122Z] <<< [apiv2][body] GET https://firebasehosting.googleapis.com/v1beta1/projects/rurboo-prod/sites/rurboo-prod {"name":"projects/rurboo-prod/sites/rurboo-prod","defaultUrl":"https://rurboo-prod.web.app","type":"DEFAULT_SITE"}
[debug] [2026-03-07T23:50:18.723Z] [web frameworks] effective firebase.json:  {
  "hosting": [
    {
      "target": "admin",
      "source": ".",
      "ignore": [
        "firebase.json",
        "**/.*",
        "**/node_modules/**"
      ],
      "frameworksBackend": {
        "region": "us-central1"
      },
      "rewrites": [
        {
          "source": "/**",
          "function": {
            "functionId": "ssrrurbooadmin",
            "region": "us-central1",
            "pinTag": true
          }
        }
      ],
      "site": "rurboo-admin",
      "redirects": [],
      "headers": [
        {
          "source": "/_global-error",
          "headers": [
            {
              "key": "x-nextjs-stale-time",
              "value": "300"
            },
            {
              "key": "x-nextjs-prerender",
              "value": "1"
            },
            {
              "key": "x-next-cache-tags",
              "value": "_N_T_/layout,_N_T_/_global-error/layout,_N_T_/_global-error/page,_N_T_/_global-error"
            }
          ]
        },
        {
          "source": "/dashboard/drivers",
          "headers": [
            {
              "key": "x-nextjs-stale-time",
              "value": "300"
            },
            {
              "key": "x-nextjs-prerender",
              "value": "1"
            },
            {
              "key": "x-next-cache-tags",
              "value": "_N_T_/layout,_N_T_/dashboard/layout,_N_T_/dashboard/drivers/layout,_N_T_/dashboard/drivers/page,_N_T_/dashboard/drivers"
            }
          ]
        },
        {
          "source": "/dashboard/finance",
          "headers": [
            {
              "key": "x-nextjs-stale-time",
              "value": "300"
            },
            {
              "key": "x-nextjs-prerender",
              "value": "1"
            },
            {
              "key": "x-next-cache-tags",
              "value": "_N_T_/layout,_N_T_/dashboard/layout,_N_T_/dashboard/finance/layout,_N_T_/dashboard/finance/page,_N_T_/dashboard/finance"
            }
          ]
        },
        {
          "source": "/_not-found",
          "headers": [
            {
              "key": "x-nextjs-stale-time",
              "value": "300"
            },
            {
              "key": "x-nextjs-prerender",
              "value": "1"
            },
            {
              "key": "x-next-cache-tags",
              "value": "_N_T_/layout,_N_T_/_not-found/layout,_N_T_/_not-found/page,_N_T_/_not-found"
            }
          ]
        },
        {
          "source": "/dashboard/notifications",
          "headers": [
            {
              "key": "x-nextjs-stale-time",
              "value": "300"
            },
            {
              "key": "x-nextjs-prerender",
              "value": "1"
            },
            {
              "key": "x-next-cache-tags",
              "value": "_N_T_/layout,_N_T_/dashboard/layout,_N_T_/dashboard/notifications/layout,_N_T_/dashboard/notifications/page,_N_T_/dashboard/notifications"
            }
          ]
        },
        {
          "source": "/dashboard/feedback",
          "headers": [
            {
              "key": "x-nextjs-stale-time",
              "value": "300"
            },
            {
              "key": "x-nextjs-prerender",
              "value": "1"
            },
            {
              "key": "x-next-cache-tags",
              "value": "_N_T_/layout,_N_T_/dashboard/layout,_N_T_/dashboard/feedback/layout,_N_T_/dashboard/feedback/page,_N_T_/dashboard/feedback"
            }
          ]
        },
        {
          "source": "/dashboard/map",
          "headers": [
            {
              "key": "x-nextjs-stale-time",
              "value": "300"
            },
            {
              "key": "x-nextjs-prerender",
              "value": "1"
            },
            {
              "key": "x-next-cache-tags",
              "value": "_N_T_/layout,_N_T_/dashboard/layout,_N_T_/dashboard/map/layout,_N_T_/dashboard/map/page,_N_T_/dashboard/map"
            }
          ]
        },
        {
          "source": "/dashboard",
          "headers": [
            {
              "key": "x-nextjs-stale-time",
              "value": "300"
            },
            {
              "key": "x-nextjs-prerender",
              "value": "1"
            },
            {
              "key": "x-next-cache-tags",
              "value": "_N_T_/layout,_N_T_/dashboard/layout,_N_T_/dashboard/page,_N_T_/dashboard"
            }
          ]
        },
        {
          "source": "/dashboard/pricing",
          "headers": [
            {
              "key": "x-nextjs-stale-time",
              "value": "300"
            },
            {
              "key": "x-nextjs-prerender",
              "value": "1"
            },
            {
              "key": "x-next-cache-tags",
              "value": "_N_T_/layout,_N_T_/dashboard/layout,_N_T_/dashboard/pricing/layout,_N_T_/dashboard/pricing/page,_N_T_/dashboard/pricing"
            }
          ]
        },
        {
          "source": "/dashboard/rides",
          "headers": [
            {
              "key": "x-nextjs-stale-time",
              "value": "300"
            },
            {
              "key": "x-nextjs-prerender",
              "value": "1"
            },
            {
              "key": "x-next-cache-tags",
              "value": "_N_T_/layout,_N_T_/dashboard/layout,_N_T_/dashboard/rides/layout,_N_T_/dashboard/rides/page,_N_T_/dashboard/rides"
            }
          ]
        },
        {
          "source": "/dashboard/risk",
          "headers": [
            {
              "key": "x-nextjs-stale-time",
              "value": "300"
            },
            {
              "key": "x-nextjs-prerender",
              "value": "1"
            },
            {
              "key": "x-next-cache-tags",
              "value": "_N_T_/layout,_N_T_/dashboard/layout,_N_T_/dashboard/risk/layout,_N_T_/dashboard/risk/page,_N_T_/dashboard/risk"
            }
          ]
        },
        {
          "source": "/dashboard/settings",
          "headers": [
            {
              "key": "x-nextjs-stale-time",
              "value": "300"
            },
            {
              "key": "x-nextjs-prerender",
              "value": "1"
            },
            {
              "key": "x-next-cache-tags",
              "value": "_N_T_/layout,_N_T_/dashboard/layout,_N_T_/dashboard/settings/layout,_N_T_/dashboard/settings/page,_N_T_/dashboard/settings"
            }
          ]
        },
        {
          "source": "/dashboard/users",
          "headers": [
            {
              "key": "x-nextjs-stale-time",
              "value": "300"
            },
            {
              "key": "x-nextjs-prerender",
              "value": "1"
            },
            {
              "key": "x-next-cache-tags",
              "value": "_N_T_/layout,_N_T_/dashboard/layout,_N_T_/dashboard/users/layout,_N_T_/dashboard/users/page,_N_T_/dashboard/users"
            }
          ]
        },
        {
          "source": "/favicon.ico",
          "headers": [
            {
              "key": "cache-control",
              "value": "public, max-age=0, must-revalidate"
            },
            {
              "key": "content-type",
              "value": "image/x-icon"
            },
            {
              "key": "x-next-cache-tags",
              "value": "_N_T_/layout,_N_T_/favicon.ico/layout,_N_T_/favicon.ico/route,_N_T_/favicon.ico"
            }
          ]
        },
        {
          "source": "/login",
          "headers": [
            {
              "key": "x-nextjs-stale-time",
              "value": "300"
            },
            {
              "key": "x-nextjs-prerender",
              "value": "1"
            },
            {
              "key": "x-next-cache-tags",
              "value": "_N_T_/layout,_N_T_/login/layout,_N_T_/login/page,_N_T_/login"
            }
          ]
        },
        {
          "source": "/dashboard/support",
          "headers": [
            {
              "key": "x-nextjs-stale-time",
              "value": "300"
            },
            {
              "key": "x-nextjs-prerender",
              "value": "1"
            },
            {
              "key": "x-next-cache-tags",
              "value": "_N_T_/layout,_N_T_/dashboard/layout,_N_T_/dashboard/support/layout,_N_T_/dashboard/support/page,_N_T_/dashboard/support"
            }
          ]
        },
        {
          "source": "/**/*.[jt]s",
          "headers": [
            {
              "key": "Set-Cookie",
              "value": "__FIREBASE_DEFAULTS__=eyJjb25maWciOnsicHJvamVjdElkIjoicnVyYm9vLXByb2QiLCJzdG9yYWdlQnVja2V0IjoicnVyYm9vLXByb2QuZmlyZWJhc2VzdG9yYWdlLmFwcCIsImFwaUtleSI6IkFJemFTeUJLdmkwcVRIeHhOWXU3SW9ST3U3cGhnXzdRTEtfWk1sQSIsImF1dGhEb21haW4iOiJydXJib28tcHJvZC5maXJlYmFzZWFwcC5jb20iLCJtZXNzYWdpbmdTZW5kZXJJZCI6IjQxNzMwMjk0MzU1NCIsInByb2plY3ROdW1iZXIiOiI0MTczMDI5NDM1NTQiLCJ2ZXJzaW9uIjoiMiJ9LCJfYXV0aFRva2VuU3luY1VSTCI6Ii9fX3Nlc3Npb24ifQ; SameSite=Strict; Expires=2028-01-31T10:30:18.723Z; Path=/;"
            }
          ]
        }
      ],
      "cleanUrls": true,
      "trailingSlash": false,
      "public": ".firebase/rurboo-admin/hosting",
      "webFramework": "next_ssr"
    }
  ],
  "functions": [
    {
      "source": ".firebase/rurboo-admin/functions",
      "codebase": "firebase-frameworks-rurboo-admin"
    }
  ]
}
[debug] [2026-03-07T23:50:18.724Z] > command requires scopes: ["email","openid","https://www.googleapis.com/auth/cloudplatformprojects.readonly","https://www.googleapis.com/auth/firebase","https://www.googleapis.com/auth/cloud-platform"]
[debug] [2026-03-07T23:50:18.724Z] > authorizing via signed-in user (adarshpandey19102@gmail.com)
[debug] [2026-03-07T23:50:18.724Z] [iam] checking project rurboo-prod for permissions ["cloudfunctions.functions.create","cloudfunctions.functions.delete","cloudfunctions.functions.get","cloudfunctions.functions.list","cloudfunctions.functions.update","cloudfunctions.operations.get","firebase.projects.get"]
[debug] [2026-03-07T23:50:18.724Z] Checked if tokens are valid: true, expires at: 1772930155067
[debug] [2026-03-07T23:50:18.724Z] Checked if tokens are valid: true, expires at: 1772930155067
[debug] [2026-03-07T23:50:18.724Z] >>> [apiv2][query] POST https://cloudresourcemanager.googleapis.com/v1/projects/rurboo-prod:testIamPermissions [none]
[debug] [2026-03-07T23:50:18.724Z] >>> [apiv2][(partial)header] POST https://cloudresourcemanager.googleapis.com/v1/projects/rurboo-prod:testIamPermissions  x-goog-user-project=rurboo-prod
[debug] [2026-03-07T23:50:18.724Z] >>> [apiv2][body] POST https://cloudresourcemanager.googleapis.com/v1/projects/rurboo-prod:testIamPermissions {"permissions":["cloudfunctions.functions.create","cloudfunctions.functions.delete","cloudfunctions.functions.get","cloudfunctions.functions.list","cloudfunctions.functions.update","cloudfunctions.operations.get","firebase.projects.get"]}
[debug] [2026-03-07T23:50:20.176Z] <<< [apiv2][status] POST https://cloudresourcemanager.googleapis.com/v1/projects/rurboo-prod:testIamPermissions 200
[debug] [2026-03-07T23:50:20.176Z] <<< [apiv2][body] POST https://cloudresourcemanager.googleapis.com/v1/projects/rurboo-prod:testIamPermissions {"permissions":["cloudfunctions.functions.create","cloudfunctions.functions.delete","cloudfunctions.functions.get","cloudfunctions.functions.list","cloudfunctions.functions.update","cloudfunctions.operations.get","firebase.projects.get"]}
[debug] [2026-03-07T23:50:20.177Z] Checked if tokens are valid: true, expires at: 1772930155067
[debug] [2026-03-07T23:50:20.177Z] Checked if tokens are valid: true, expires at: 1772930155067
[debug] [2026-03-07T23:50:20.177Z] >>> [apiv2][query] GET https://cloudfunctions.googleapis.com/v1/projects/rurboo-prod/locations/-/functions [none]
[debug] [2026-03-07T23:50:21.122Z] <<< [apiv2][status] GET https://cloudfunctions.googleapis.com/v1/projects/rurboo-prod/locations/-/functions 200
[debug] [2026-03-07T23:50:21.122Z] <<< [apiv2][body] GET https://cloudfunctions.googleapis.com/v1/projects/rurboo-prod/locations/-/functions {"functions":[{"name":"projects/rurboo-prod/locations/asia-south1/functions/provideFare","httpsTrigger":{"url":"https://asia-south1-rurboo-prod.cloudfunctions.net/provideFare","securityLevel":"SECURE_ALWAYS"},"status":"ACTIVE","entryPoint":"provideFare","timeout":"60s","availableMemoryMb":256,"serviceAccountEmail":"rurboo-prod@appspot.gserviceaccount.com","updateTime":"2026-02-28T23:10:05.428543212Z","versionId":"1","labels":{"deployment-tool":"cli-firebase","deployment-callable":"true","firebase-functions-hash":"5402111895638c92b8015d7a54ec06507e89267c"},"sourceUploadUrl":"https://storage.googleapis.com/uploads-803746623796.asia-south1.cloudfunctions.appspot.com/0e95a000-4880-4702-8cc6-ba92b54d9196.zip","environmentVariables":{"FIREBASE_CONFIG":"{\"projectId\":\"rurboo-prod\",\"storageBucket\":\"rurboo-prod.firebasestorage.app\"}","GCLOUD_PROJECT":"rurboo-prod","EVENTARC_CLOUD_EVENT_SOURCE":"projects/rurboo-prod/locations/asia-south1/functions/provideFare"},"runtime":"nodejs20","ingressSettings":"ALLOW_ALL","buildId":"5ca77ad8-7f24-4755-824c-b419a2fa7386","buildEnvironmentVariables":{"GOOGLE_NODE_RUN_SCRIPTS":""},"buildName":"projects/417302943554/locations/asia-south1/builds/5ca77ad8-7f24-4755-824c-b419a2fa7386","dockerRegistry":"ARTIFACT_REGISTRY","automaticUpdatePolicy":{},"buildServiceAccount":"projects/rurboo-prod/serviceAccounts/417302943554-compute@developer.gserviceaccount.com","satisfiesPzs":true,"satisfiesPzi":true},{"name":"projects/rurboo-prod/locations/asia-south1/functions/razorpayWebhook","httpsTrigger":{"url":"https://asia-south1-rurboo-prod.cloudfunctions.net/razorpayWebhook","securityLevel":"SECURE_ALWAYS"},"status":"ACTIVE","entryPoint":"razorpayWebhook","timeout":"60s","availableMemoryMb":256,"serviceAccountEmail":"rurboo-prod@appspot.gserviceaccount.com","updateTime":"2026-02-28T23:10:10.758Z","versionId":"4","labels":{"deployment-tool":"cli-firebase","firebase-functions-hash":"5402111895638c92b8015d7a54ec06507e89267c"},"sourceUploadUrl":"https://storage.googleapis.com/uploads-803746623796.asia-south1.cloudfunctions.appspot.com/0e95a000-4880-4702-8cc6-ba92b54d9196.zip","environmentVariables":{"FIREBASE_CONFIG":"{\"projectId\":\"rurboo-prod\",\"storageBucket\":\"rurboo-prod.firebasestorage.app\"}","GCLOUD_PROJECT":"rurboo-prod","EVENTARC_CLOUD_EVENT_SOURCE":"projects/rurboo-prod/locations/asia-south1/functions/razorpayWebhook"},"runtime":"nodejs20","ingressSettings":"ALLOW_ALL","buildId":"5ca77ad8-7f24-4755-824c-b419a2fa7386","buildEnvironmentVariables":{"GOOGLE_NODE_RUN_SCRIPTS":""},"buildName":"projects/417302943554/locations/asia-south1/builds/5ca77ad8-7f24-4755-824c-b419a2fa7386","dockerRegistry":"ARTIFACT_REGISTRY","automaticUpdatePolicy":{},"buildServiceAccount":"projects/rurboo-prod/serviceAccounts/417302943554-compute@developer.gserviceaccount.com","satisfiesPzs":true,"satisfiesPzi":true},{"name":"projects/rurboo-prod/locations/asia-south1/functions/onRideCompleted","eventTrigger":{"eventType":"providers/cloud.firestore/eventTypes/document.update","resource":"projects/rurboo-prod/databases/(default)/documents/rideRequests/{rideId}","service":"firestore.googleapis.com","failurePolicy":{}},"status":"ACTIVE","entryPoint":"onRideCompleted","timeout":"60s","availableMemoryMb":256,"serviceAccountEmail":"rurboo-prod@appspot.gserviceaccount.com","updateTime":"2026-02-28T23:10:12.047Z","versionId":"4","labels":{"deployment-tool":"cli-firebase","firebase-functions-hash":"5402111895638c92b8015d7a54ec06507e89267c"},"sourceUploadUrl":"https://storage.googleapis.com/uploads-803746623796.asia-south1.cloudfunctions.appspot.com/0e95a000-4880-4702-8cc6-ba92b54d9196.zip","environmentVariables":{"FIREBASE_CONFIG":"{\"projectId\":\"rurboo-prod\",\"storageBucket\":\"rurboo-prod.firebasestorage.app\"}","GCLOUD_PROJECT":"rurboo-prod","EVENTARC_CLOUD_EVENT_SOURCE":"projects/rurboo-prod/locations/asia-south1/functions/onRideCompleted"},"runtime":"nodejs20","maxInstances":3000,"ingressSettings":"ALLOW_ALL","buildId":"5ca77ad8-7f24-4755-824c-b419a2fa7386","buildEnvironmentVariables":{"GOOGLE_NODE_RUN_SCRIPTS":""},"buildName":"projects/417302943554/locations/asia-south1/builds/5ca77ad8-7f24-4755-824c-b419a2fa7386","dockerRegistry":"ARTIFACT_REGISTRY","automaticUpdatePolicy":{},"buildServiceAccount":"projects/rurboo-prod/serviceAccounts/417302943554-compute@developer.gserviceaccount.com","satisfiesPzs":true,"satisfiesPzi":true},{"name":"projects/rurboo-prod/locations/asia-south1/functions/dailySettlement","eventTrigger":{"eventType":"google.pubsub.topic.publish","resource":"projects/rurboo-prod/topics/firebase-schedule-dailySettlement-asia-south1","service":"pubsub.googleapis.com","failurePolicy":{}},"status":"ACTIVE","entryPoint":"dailySettlement","timeout":"60s","availableMemoryMb":256,"serviceAccountEmail":"rurboo-prod@appspot.gserviceaccount.com","updateTime":"2026-02-28T23:10:12.811Z","versionId":"4","labels":{"deployment-tool":"cli-firebase","deployment-scheduled":"true","firebase-functions-hash":"5402111895638c92b8015d7a54ec06507e89267c"},"sourceUploadUrl":"https://storage.googleapis.com/uploads-803746623796.asia-south1.cloudfunctions.appspot.com/0e95a000-4880-4702-8cc6-ba92b54d9196.zip","environmentVariables":{"FIREBASE_CONFIG":"{\"projectId\":\"rurboo-prod\",\"storageBucket\":\"rurboo-prod.firebasestorage.app\"}","GCLOUD_PROJECT":"rurboo-prod","EVENTARC_CLOUD_EVENT_SOURCE":"projects/rurboo-prod/locations/asia-south1/functions/dailySettlement"},"runtime":"nodejs20","maxInstances":3000,"ingressSettings":"ALLOW_ALL","buildId":"5ca77ad8-7f24-4755-824c-b419a2fa7386","buildEnvironmentVariables":{"GOOGLE_NODE_RUN_SCRIPTS":""},"buildName":"projects/417302943554/locations/asia-south1/builds/5ca77ad8-7f24-4755-824c-b419a2fa7386","dockerRegistry":"ARTIFACT_REGISTRY","automaticUpdatePolicy":{},"buildServiceAccount":"projects/rurboo-prod/serviceAccounts/417302943554-compute@developer.gserviceaccount.com","satisfiesPzs":true,"satisfiesPzi":true},{"name":"projects/rurboo-prod/locations/asia-south1/functions/autoCancelRide","eventTrigger":{"eventType":"google.pubsub.topic.publish","resource":"projects/rurboo-prod/topics/firebase-schedule-autoCancelRide-asia-south1","service":"pubsub.googleapis.com","failurePolicy":{}},"status":"ACTIVE","entryPoint":"autoCancelRide","timeout":"60s","availableMemoryMb":256,"serviceAccountEmail":"rurboo-prod@appspot.gserviceaccount.com","updateTime":"2026-02-28T23:10:25.529293652Z","versionId":"1","labels":{"deployment-tool":"cli-firebase","deployment-scheduled":"true","firebase-functions-hash":"5402111895638c92b8015d7a54ec06507e89267c"},"sourceUploadUrl":"https://storage.googleapis.com/uploads-803746623796.asia-south1.cloudfunctions.appspot.com/0e95a000-4880-4702-8cc6-ba92b54d9196.zip","environmentVariables":{"FIREBASE_CONFIG":"{\"projectId\":\"rurboo-prod\",\"storageBucket\":\"rurboo-prod.firebasestorage.app\"}","GCLOUD_PROJECT":"rurboo-prod","EVENTARC_CLOUD_EVENT_SOURCE":"projects/rurboo-prod/locations/asia-south1/functions/autoCancelRide"},"runtime":"nodejs20","maxInstances":3000,"ingressSettings":"ALLOW_ALL","buildId":"5ca77ad8-7f24-4755-824c-b419a2fa7386","buildEnvironmentVariables":{"GOOGLE_NODE_RUN_SCRIPTS":""},"buildName":"projects/417302943554/locations/asia-south1/builds/5ca77ad8-7f24-4755-824c-b419a2fa7386","dockerRegistry":"ARTIFACT_REGISTRY","automaticUpdatePolicy":{},"buildServiceAccount":"projects/rurboo-prod/serviceAccounts/417302943554-compute@developer.gserviceaccount.com","satisfiesPzs":true,"satisfiesPzi":true}]}
[debug] [2026-03-07T23:50:21.123Z] Checked if tokens are valid: true, expires at: 1772930155067
[debug] [2026-03-07T23:50:21.124Z] Checked if tokens are valid: true, expires at: 1772930155067
[debug] [2026-03-07T23:50:21.124Z] >>> [apiv2][query] GET https://cloudfunctions.googleapis.com/v2/projects/rurboo-prod/locations/-/functions filter=environment%3D%22GEN_2%22
